<?xml version="1.0" encoding="UTF-8"?>
<!-- Generated by org.testng.reporters.JUnitReportReporter -->
<testsuite skipped="0" hostname="WIN-NFDCINOH1RK" name="com.package1.testing.groupID.TestClass3" tests="2" failures="0" timestamp="2020-02-18T10:30:10 UTC" time="1.232" errors="0">
  <testcase name="betchallLinks" time="0.847" classname="com.package1.testing.groupID.TestClass3"/>
  <system-out/>
  <testcase name="apenchrome" time="0.385" classname="com.package1.testing.groupID.TestClass3"/>
  <system-out/>
</testsuite> <!-- com.package1.testing.groupID.TestClass3 -->
