<?xml version="1.0" encoding="UTF-8"?>
<!-- Generated by org.testng.reporters.JUnitReportReporter -->
<testsuite skipped="0" hostname="WIN-NFDCINOH1RK" name="com.package1.testing.groupID.TestClass4" tests="2" failures="0" timestamp="2020-02-18T11:14:38 UTC" time="6.363" errors="0">
  <testcase name="openchrome" time="3.140" classname="com.package1.testing.groupID.TestClass4"/>
  <system-out/>
  <testcase name="openchrome" time="3.223" classname="com.package1.testing.groupID.TestClass4"/>
  <system-out/>
</testsuite> <!-- com.package1.testing.groupID.TestClass4 -->
