<?xml version="1.0" encoding="UTF-8"?>
<!-- Generated by org.testng.reporters.JUnitReportReporter -->
<testsuite skipped="0" hostname="WIN-NFDCINOH1RK" name="com.package1.testing.groupID.TestCase6" tests="2" failures="0" timestamp="2020-02-19T05:04:37 UTC" time="3.621" errors="0">
  <testcase name="a" time="3.620" classname="com.package1.testing.groupID.TestCase6"/>
  <system-out/>
  <testcase name="betchallLinks" time="0.001" classname="com.package1.testing.groupID.TestCase6"/>
  <system-out/>
</testsuite> <!-- com.package1.testing.groupID.TestCase6 -->
