<?xml version="1.0" encoding="UTF-8"?>
<!-- Generated by org.testng.reporters.JUnitReportReporter -->
<testsuite skipped="0" hostname="WIN-NFDCINOH1RK" name="com.package1.testing.groupID.TestClass2" tests="2" failures="0" timestamp="2020-02-18T09:29:41 UTC" time="1.839" errors="0">
  <testcase name="betchallLinks" time="0.866" classname="com.package1.testing.groupID.TestClass2"/>
  <system-out/>
  <testcase name="apenchrome" time="0.973" classname="com.package1.testing.groupID.TestClass2"/>
  <system-out/>
</testsuite> <!-- com.package1.testing.groupID.TestClass2 -->
